<?xml version="1.0" encoding="UTF-8"?>
<!-- Generated by org.testng.reporters.JUnitReportReporter -->
<testsuite hostname="DESKTOP-4QN9QN0" failures="0" tests="1" name="com.api.test.DynamicJson" time="14.599" errors="0" timestamp="2024-08-04T21:41:33 IST" skipped="0">
  <testcase classname="com.api.test.DynamicJson" name="addBook" time="14.599"/>
  <system-out/>
</testsuite> <!-- com.api.test.DynamicJson -->
